<?xml version="1.0" encoding="UTF-8"?>
<!-- Generated by org.testng.reporters.JUnitReportReporter -->
<testsuite hostname="Dell" failures="0" tests="1" name="LoopAssignment.Webtable.LoginTest" time="0.950" errors="0" timestamp="2024-02-09T18:30:37 IST" skipped="0">
  <testcase classname="LoopAssignment.Webtable.LoginTest" name="testLogin" time="0.950"/>
</testsuite> <!-- LoopAssignment.Webtable.LoginTest -->
