<?xml version="1.0" encoding="UTF-8"?>
<!-- Generated by org.testng.reporters.JUnitReportReporter -->
<testsuite hostname="Dell" failures="0" tests="1" name="LoopAssignment.Webtable.AppTest" time="29.786" errors="0" timestamp="2024-02-09T17:41:45 IST" skipped="0">
  <testcase classname="LoopAssignment.Webtable.AppTest" name="dataVerification" time="29.786"/>
</testsuite> <!-- LoopAssignment.Webtable.AppTest -->
